<?xml version="1.0" encoding="UTF-8"?>
<!-- Generated by org.testng.reporters.JUnitReportReporter -->
<testsuite hostname="Muhammads-MBP.nyc.rr.com" failures="0" tests="4" name="com.clover.testcase.GoogleSearchTest" time="21.110" errors="0" timestamp="2021-11-18T15:05:25 EST" skipped="0">
  <testcase classname="com.clover.testcase.GoogleSearchTest" name="GoogleSearchTest" time="5.398"/>
  <system-out/>
  <testcase classname="com.clover.testcase.GoogleSearchTest" name="GoogleSearchTest" time="6.182"/>
  <system-out/>
  <testcase classname="com.clover.testcase.GoogleSearchTest" name="GoogleSearchTest" time="4.674"/>
  <system-out/>
  <testcase classname="com.clover.testcase.GoogleSearchTest" name="GoogleSearchTest" time="4.856"/>
  <system-out/>
</testsuite> <!-- com.clover.testcase.GoogleSearchTest -->
