<?xml version="1.0" encoding="UTF-8"?>
<!-- Generated by org.testng.reporters.JUnitReportReporter -->
<testsuite hostname="Muhammads-MBP.nyc.rr.com" failures="0" tests="1" name="com.clover.base.Base" time="4.309" errors="0" timestamp="2021-11-18T01:38:47 EST" skipped="0">
  <testcase classname="com.clover.base.Base" name="LaunchApp" time="4.309"/>
  <system-out/>
</testsuite> <!-- com.clover.base.Base -->
