<?xml version="1.0" encoding="UTF-8"?>
<!-- Generated by org.testng.reporters.JUnitReportReporter -->
<testsuite hostname="Muhammads-MBP.nyc.rr.com" failures="0" tests="1" name="com.clover.base.TestClass" time="3.440" errors="0" timestamp="2021-11-18T11:23:13 EST" skipped="0">
  <testcase classname="com.clover.base.TestClass" name="SampleTest" time="3.440"/>
  <system-out/>
</testsuite> <!-- com.clover.base.TestClass -->
