<?xml version="1.0" encoding="UTF-8"?>
<!-- Generated by org.testng.reporters.JUnitReportReporter -->
<testsuite hostname="Muhammads-MBP.nyc.rr.com" failures="0" tests="1" name="com.clover.base.Baseyyyy" time="3.994" errors="0" timestamp="2021-11-18T08:37:30 EST" skipped="0">
  <testcase classname="com.clover.base.Baseyyyy" name="LaunchApp" time="3.994"/>
  <system-out/>
</testsuite> <!-- com.clover.base.Baseyyyy -->
